#
# There is insufficient memory for the Java Runtime Environment to continue.
# Native memory allocation (malloc) failed to allocate 1048576 bytes for AllocateHeap
# Possible reasons:
#   The system is out of physical RAM or swap space
#   The process is running with CompressedOops enabled, and the Java Heap may be blocking the growth of the native heap
# Possible solutions:
#   Reduce memory load on the system
#   Increase physical memory or swap space
#   Check if swap backing store is full
#   Decrease Java heap size (-Xmx/-Xms)
#   Decrease number of Java threads
#   Decrease Java thread stack sizes (-Xss)
#   Set larger code cache with -XX:ReservedCodeCacheSize=
#   JVM is running with Unscaled Compressed Oops mode in which the Java heap is
#     placed in the first 4GB address space. The Java Heap base address is the
#     maximum limit for the native heap growth. Please use -XX:HeapBaseMinAddress
#     to set the Java Heap base and to place the Java Heap above 4GB virtual address.
# This output file may be truncated or incomplete.
#
#  Out of Memory Error (memory/allocation.inline.hpp:61), pid=12540, tid=0x00000000000039e8
#
# JRE version:  (8.0_341-b10) (build )
# Java VM: Java HotSpot(TM) 64-Bit Server VM (25.341-b10 mixed mode windows-amd64 compressed oops)
# Failed to write core dump. Minidumps are not enabled by default on client versions of Windows
#

---------------  T H R E A D  ---------------

Current thread (0x000001c65e1c7000):  JavaThread "Unknown thread" [_thread_in_vm, id=14824, stack(0x0000003acc300000,0x0000003acc400000)]

Stack: [0x0000003acc300000,0x0000003acc400000]
Native frames: (J=compiled Java code, j=interpreted, Vv=VM code, C=native code)
V  [jvm.dll+0x32fa99]
V  [jvm.dll+0x275ff2]
V  [jvm.dll+0x276c9d]
V  [jvm.dll+0x26d645]
V  [jvm.dll+0x509d]
V  [jvm.dll+0x3d4203]
V  [jvm.dll+0x3d4c18]
V  [jvm.dll+0xfd12f]
V  [jvm.dll+0x20a71b]
V  [jvm.dll+0x239267]
V  [jvm.dll+0x162c56]
C  [java.exe+0x2312]
C  [java.exe+0x15f54]
C  [KERNEL32.DLL+0x174b4]
C  [ntdll.dll+0x526a1]


---------------  P R O C E S S  ---------------

Java Threads: ( => current thread )

Other Threads:

=>0x000001c65e1c7000 (exited) JavaThread "Unknown thread" [_thread_in_vm, id=14824, stack(0x0000003acc300000,0x0000003acc400000)]

VM state:not at safepoint (normal execution)

VM Mutex/Monitor currently owned by a thread: None

heap address: 0x000000008a800000, size: 1880 MB, Compressed Oops mode: 32-bit
Narrow klass base: 0x0000000000000000, Narrow klass shift: 3
Compressed class space size: 1073741824 Address: 0x0000000100000000

Heap:
 PSYoungGen      total 35328K, used 614K [0x00000000d8d80000, 0x00000000db480000, 0x0000000100000000)
  eden space 30720K, 2% used [0x00000000d8d80000,0x00000000d8e199a8,0x00000000dab80000)
  from space 4608K, 0% used [0x00000000db000000,0x00000000db000000,0x00000000db480000)
  to   space 4608K, 0% used [0x00000000dab80000,0x00000000dab80000,0x00000000db000000)
 ParOldGen       total 80896K, used 0K [0x000000008a800000, 0x000000008f700000, 0x00000000d8d80000)
  object space 80896K, 0% used [0x000000008a800000,0x000000008a800000,0x000000008f700000)
 Metaspace       used 778K, capacity 4480K, committed 4480K, reserved 1056768K
  class space    used 76K, capacity 384K, committed 384K, reserved 1048576K

Card table byte_map: [0x000001c66efe0000,0x000001c66f390000] byte_map_base: 0x000001c66eb8c000

Marking Bits: (ParMarkBitMap*) 0x0000000051df9030
 Begin Bits: [0x000001c66f610000, 0x000001c671370000)
 End Bits:   [0x000001c671370000, 0x000001c6730d0000)

Polling page: 0x000001c65e390000

CodeCache: size=245760Kb used=328Kb max_used=328Kb free=245431Kb
 bounds [0x000001c65fc20000, 0x000001c65fe90000, 0x000001c66ec20000]
 total_blobs=57 nmethods=0 adapters=38
 compilation: enabled

Compilation events (0 events):
No events

GC Heap History (0 events):
No events

Deoptimization events (0 events):
No events

Classes redefined (0 events):
No events

Internal exceptions (0 events):
No events

Events (10 events):
Event: 0.051 loading class java/lang/Short
Event: 0.051 loading class java/lang/Short done
Event: 0.051 loading class java/lang/Integer
Event: 0.051 loading class java/lang/Integer done
Event: 0.051 loading class java/lang/Long
Event: 0.051 loading class java/lang/Long done
Event: 0.052 loading class java/lang/NullPointerException
Event: 0.052 loading class java/lang/NullPointerException done
Event: 0.052 loading class java/lang/ArithmeticException
Event: 0.052 loading class java/lang/ArithmeticException done


Dynamic libraries:
0x00007ff7a4420000 - 0x00007ff7a4467000 	C:\Program Files\Java\bin\java.exe
0x00007ffde6430000 - 0x00007ffde6628000 	C:\Windows\SYSTEM32\ntdll.dll
0x00007ffde45a0000 - 0x00007ffde465f000 	C:\Windows\System32\KERNEL32.DLL
0x00007ffde3b30000 - 0x00007ffde3e02000 	C:\Windows\System32\KERNELBASE.dll
0x00007ffde5f30000 - 0x00007ffde5fde000 	C:\Windows\System32\ADVAPI32.dll
0x00007ffde6350000 - 0x00007ffde63ee000 	C:\Windows\System32\msvcrt.dll
0x00007ffde4660000 - 0x00007ffde46fc000 	C:\Windows\System32\sechost.dll
0x00007ffde6220000 - 0x00007ffde6345000 	C:\Windows\System32\RPCRT4.dll
0x00007ffde5760000 - 0x00007ffde58fd000 	C:\Windows\System32\USER32.dll
0x00007ffde4170000 - 0x00007ffde4192000 	C:\Windows\System32\win32u.dll
0x00007ffde60b0000 - 0x00007ffde60db000 	C:\Windows\System32\GDI32.dll
0x00007ffde41a0000 - 0x00007ffde42af000 	C:\Windows\System32\gdi32full.dll
0x00007ffde3e10000 - 0x00007ffde3ead000 	C:\Windows\System32\msvcp_win.dll
0x00007ffde3f60000 - 0x00007ffde4060000 	C:\Windows\System32\ucrtbase.dll
0x00007ffdd2c10000 - 0x00007ffdd2eaa000 	C:\Windows\WinSxS\amd64_microsoft.windows.common-controls_6595b64144ccf1df_6.0.19041.1110_none_60b5254171f9507e\COMCTL32.dll
0x00007ffde5c40000 - 0x00007ffde5c72000 	C:\Windows\System32\IMM32.DLL
0x00007ffdd6ff0000 - 0x00007ffdd7005000 	C:\Program Files\Java\jre\bin\vcruntime140.dll
0x00007ffd9fc10000 - 0x00007ffd9fcab000 	C:\Program Files\Java\jre\bin\msvcp140.dll
0x0000000051610000 - 0x0000000051e71000 	C:\Program Files\Java\jre\bin\server\jvm.dll
0x00007ffde60e0000 - 0x00007ffde60e8000 	C:\Windows\System32\PSAPI.DLL
0x00007ffdde060000 - 0x00007ffdde069000 	C:\Windows\SYSTEM32\WSOCK32.dll
0x00007ffddb8e0000 - 0x00007ffddb8ea000 	C:\Windows\SYSTEM32\VERSION.dll
0x00007ffde59c0000 - 0x00007ffde5a2b000 	C:\Windows\System32\WS2_32.dll
0x00007ffdd8fb0000 - 0x00007ffdd8fd7000 	C:\Windows\SYSTEM32\WINMM.dll
0x00007ffde1bd0000 - 0x00007ffde1be2000 	C:\Windows\SYSTEM32\kernel.appcore.dll
0x00007ffdd6fe0000 - 0x00007ffdd6ff0000 	C:\Program Files\Java\jre\bin\verify.dll
0x00007ffdccc40000 - 0x00007ffdccc6b000 	C:\Program Files\Java\jre\bin\java.dll
0x00007ffdd3590000 - 0x00007ffdd35a8000 	C:\Program Files\Java\jre\bin\zip.dll
0x00007ffde1840000 - 0x00007ffde1a24000 	C:\Windows\SYSTEM32\dbghelp.dll
0x00007ffde40e0000 - 0x00007ffde4162000 	C:\Windows\System32\bcryptPrimitives.dll

VM Arguments:
java_command: com.raven.main.login
java_class_path (initial): C:\Users\longv\Documents\NetBeansProjects\PolyTechLab\target\classes;C:\Users\longv\.m2\repository\org\hibernate\hibernate-entitymanager\4.3.1.Final\hibernate-entitymanager-4.3.1.Final.jar;C:\Users\longv\.m2\repository\org\jboss\logging\jboss-logging\3.1.3.GA\jboss-logging-3.1.3.GA.jar;C:\Users\longv\.m2\repository\org\jboss\logging\jboss-logging-annotations\1.2.0.Beta1\jboss-logging-annotations-1.2.0.Beta1.jar;C:\Users\longv\.m2\repository\org\hibernate\hibernate-core\4.3.1.Final\hibernate-core-4.3.1.Final.jar;C:\Users\longv\.m2\repository\antlr\antlr\2.7.7\antlr-2.7.7.jar;C:\Users\longv\.m2\repository\org\jboss\jandex\1.1.0.Final\jandex-1.1.0.Final.jar;C:\Users\longv\.m2\repository\dom4j\dom4j\1.6.1\dom4j-1.6.1.jar;C:\Users\longv\.m2\repository\xml-apis\xml-apis\1.0.b2\xml-apis-1.0.b2.jar;C:\Users\longv\.m2\repository\org\hibernate\common\hibernate-commons-annotations\4.0.4.Final\hibernate-commons-annotations-4.0.4.Final.jar;C:\Users\longv\.m2\repository\org\jboss\spec\javax\transaction\jboss-transaction-api_1.2_spec\1.0.0.Final\jboss-transaction-api_1.2_spec-1.0.0.Final.jar;C:\Users\longv\.m2\repository\org\javassist\javassist\3.18.1-GA\javassist-3.18.1-GA.jar;C:\Users\longv\.m2\repository\org\hibernate\javax\persistence\hibernate-jpa-2.1-api\1.0.0.Final\hibernate-jpa-2.1-api-1.0.0.Final.jar;C:\Users\longv\.m2\repository\unknown\binary\sqljdbc42\SNAPSHOT\sqljdbc42-SNAPSHOT.jar;C:\Users\longv\.m2\repository\unknown\binary\AbsoluteLayout\SNAPSHOT\AbsoluteLayout-SNAPSHOT.jar;C:\Users\longv\.m2\repository\com\miglayout\miglayout-swing\4.2\miglayout-swing-4.2.jar;C:\Users\longv\.m2\repository\com\miglayout\miglayout-core\4.2\miglayout-core-4.2.jar;C:\Users\longv\.m2\repository\org\springframework\spring-jdbc\5.3.18\spring-jdbc-5.3.18.jar;C:\Users\longv\.m2\repository\org\springframework\spring-beans\5.3.18\spring-beans-5.3.18.jar;C:\Users\longv\.m2\repository\org\springframework\spring-core\5.3.18\spring-core-5.3.18.jar;C:\Users\longv\.m2\
Launcher Type: SUN_STANDARD

Environment Variables:
JAVA_HOME=C:\Program Files\Java
PATH=C:\Program Files\Common Files\Oracle\Java\javapath;C:\Program Files (x86)\Common Files\Oracle\Java\javapath;C:\Windows\system32;C:\Windows;C:\Windows\System32\Wbem;C:\Windows\System32\WindowsPowerShell\v1.0\;C:\Windows\System32\OpenSSH\;C:\Windows\system32;C:\Windows;C:\Windows\System32\Wbem;C:\Windows\System32\WindowsPowerShell\v1.0\;C:\Windows\System32\OpenSSH\;C:\Program Files\Microsoft SQL Server\Client SDK\ODBC\170\Tools\Binn\;C:\Program Files (x86)\Microsoft SQL Server\150\Tools\Binn\;C:\Program Files\Microsoft SQL Server\150\Tools\Binn\;C:\Program Files\Microsoft SQL Server\150\DTS\Binn\;C:\Program Files (x86)\Microsoft SQL Server\150\DTS\Binn\;C:\Program Files (x86)\NVIDIA Corporation\PhysX\Common;C:\apache-maven-3.8.6\bin;C:\Program Files\Java\jdk-17.0.1\bin;C:\Program Files\NVIDIA Corporation\NVIDIA NvDLISR;D:\Git\cmd;C:\Program Files\SourceGear\Common\DiffMerge\;C:\Users\longv\AppData\Local\Programs\Python\Python310\Scripts\;C:\Users\longv\AppData\Local\Programs\Python\Python310\;C:\Users\longv\AppData\Local\Microsoft\WindowsApps;C:\Program Files\Azure Data Studio\bin;D:\Microsoft VS Code\bin;C:\Program Files\Azure Data Studio\bin;C:\Users\longv\AppData\Local\GitHubDesktop\bin
USERNAME=longv
OS=Windows_NT
PROCESSOR_IDENTIFIER=AMD64 Family 23 Model 104 Stepping 1, AuthenticAMD



---------------  S Y S T E M  ---------------

OS: Windows 10 , 64 bit Build 19041 (10.0.19041.2251)

CPU:total 12 (initial active 12) (12 cores per cpu, 1 threads per core) family 23 model 104 stepping 1, cmov, cx8, fxsr, mmx, sse, sse2, sse3, ssse3, sse4.1, sse4.2, popcnt, avx, avx2, aes, clmul, mmxext, 3dnowpref, lzcnt, sse4a, tsc, tscinvbit, tscinv, bmi1

Memory: 4k page, physical 7694920k(633552k free), swap 20719428k(3004k free)

vm_info: Java HotSpot(TM) 64-Bit Server VM (25.341-b10) for windows-amd64 JRE (1.8.0_341-b10), built on Jun 16 2022 15:51:07 by "java_re" with MS VC++ 15.9 (VS2017)

time: Tue Nov 29 19:01:02 2022
timezone: SE Asia Standard Time
elapsed time: 0.068879 seconds (0d 0h 0m 0s)

