#
# There is insufficient memory for the Java Runtime Environment to continue.
# Native memory allocation (malloc) failed to allocate 1256496 bytes for Chunk::new
# Possible reasons:
#   The system is out of physical RAM or swap space
#   The process is running with CompressedOops enabled, and the Java Heap may be blocking the growth of the native heap
# Possible solutions:
#   Reduce memory load on the system
#   Increase physical memory or swap space
#   Check if swap backing store is full
#   Decrease Java heap size (-Xmx/-Xms)
#   Decrease number of Java threads
#   Decrease Java thread stack sizes (-Xss)
#   Set larger code cache with -XX:ReservedCodeCacheSize=
#   JVM is running with Unscaled Compressed Oops mode in which the Java heap is
#     placed in the first 4GB address space. The Java Heap base address is the
#     maximum limit for the native heap growth. Please use -XX:HeapBaseMinAddress
#     to set the Java Heap base and to place the Java Heap above 4GB virtual address.
# This output file may be truncated or incomplete.
#
#  Out of Memory Error (allocation.cpp:389), pid=7596, tid=0x00000000000004dc
#
# JRE version: Java(TM) SE Runtime Environment (8.0_341-b10) (build 1.8.0_341-b10)
# Java VM: Java HotSpot(TM) 64-Bit Server VM (25.341-b10 mixed mode windows-amd64 compressed oops)
# Failed to write core dump. Minidumps are not enabled by default on client versions of Windows
#

---------------  T H R E A D  ---------------

Current thread (0x0000020eb7479800):  JavaThread "C2 CompilerThread0" daemon [_thread_in_native, id=1244, stack(0x0000009ace800000,0x0000009ace900000)]

Stack: [0x0000009ace800000,0x0000009ace900000]
Native frames: (J=compiled Java code, j=interpreted, Vv=VM code, C=native code)
V  [jvm.dll+0x32fa99]
V  [jvm.dll+0x275ff2]
V  [jvm.dll+0x276c9d]
V  [jvm.dll+0x26d645]
V  [jvm.dll+0xd583c]
V  [jvm.dll+0xd603c]
V  [jvm.dll+0x453fe2]
V  [jvm.dll+0x48f09d]
V  [jvm.dll+0x443c71]
V  [jvm.dll+0x440e1b]
V  [jvm.dll+0x42bceb]
V  [jvm.dll+0xac68b]
V  [jvm.dll+0xaaceb]
V  [jvm.dll+0x23e542]
V  [jvm.dll+0x292d2c]
C  [ucrtbase.dll+0x21bb2]
C  [KERNEL32.DLL+0x174b4]
C  [ntdll.dll+0x526a1]


Current CompileTask:
C2:   3388 2255   !   4       java.net.URLClassLoader$1::run (81 bytes)


---------------  P R O C E S S  ---------------

Java Threads: ( => current thread )
  0x0000020eb993a000 JavaThread "Service Thread" daemon [_thread_blocked, id=12456, stack(0x0000009acec00000,0x0000009aced00000)]
  0x0000020eb7484800 JavaThread "C1 CompilerThread3" daemon [_thread_blocked, id=21940, stack(0x0000009aceb00000,0x0000009acec00000)]
  0x0000020eb747e000 JavaThread "C2 CompilerThread2" daemon [_thread_in_native, id=20216, stack(0x0000009acea00000,0x0000009aceb00000)]
  0x0000020eb747b000 JavaThread "C2 CompilerThread1" daemon [_thread_blocked, id=17052, stack(0x0000009ace900000,0x0000009acea00000)]
=>0x0000020eb7479800 JavaThread "C2 CompilerThread0" daemon [_thread_in_native, id=1244, stack(0x0000009ace800000,0x0000009ace900000)]
  0x0000020eb7475800 JavaThread "Attach Listener" daemon [_thread_blocked, id=5696, stack(0x0000009ace700000,0x0000009ace800000)]
  0x0000020eb7474800 JavaThread "Signal Dispatcher" daemon [_thread_blocked, id=1816, stack(0x0000009ace600000,0x0000009ace700000)]
  0x0000020eb744a000 JavaThread "Finalizer" daemon [_thread_blocked, id=20624, stack(0x0000009ace500000,0x0000009ace600000)]
  0x0000020eb7443000 JavaThread "Reference Handler" daemon [_thread_blocked, id=3140, stack(0x0000009ace400000,0x0000009ace500000)]
  0x0000020ea16e2800 JavaThread "main" [_thread_in_native, id=5184, stack(0x0000009acd800000,0x0000009acd900000)]

Other Threads:
  0x0000020eb741b000 VMThread [stack: 0x0000009ace300000,0x0000009ace400000] [id=9364]
  0x0000020eb9947800 WatcherThread [stack: 0x0000009aced00000,0x0000009acee00000] [id=2660]

VM state:not at safepoint (normal execution)

VM Mutex/Monitor currently owned by a thread: None

heap address: 0x000000008a800000, size: 1880 MB, Compressed Oops mode: 32-bit
Narrow klass base: 0x0000000000000000, Narrow klass shift: 3
Compressed class space size: 1073741824 Address: 0x0000000100000000

Heap:
 PSYoungGen      total 35328K, used 31383K [0x00000000d8d80000, 0x00000000db480000, 0x0000000100000000)
  eden space 30720K, 87% used [0x00000000d8d80000,0x00000000da7a9cb0,0x00000000dab80000)
  from space 4608K, 99% used [0x00000000dab80000,0x00000000daffc030,0x00000000db000000)
  to   space 4608K, 0% used [0x00000000db000000,0x00000000db000000,0x00000000db480000)
 ParOldGen       total 80896K, used 3259K [0x000000008a800000, 0x000000008f700000, 0x00000000d8d80000)
  object space 80896K, 4% used [0x000000008a800000,0x000000008ab2eef0,0x000000008f700000)
 Metaspace       used 17348K, capacity 17732K, committed 17920K, reserved 1064960K
  class space    used 2157K, capacity 2283K, committed 2304K, reserved 1048576K

Card table byte_map: [0x0000020eb2510000,0x0000020eb28c0000] byte_map_base: 0x0000020eb20bc000

Marking Bits: (ParMarkBitMap*) 0x00000000624f9030
 Begin Bits: [0x0000020eb2b40000, 0x0000020eb48a0000)
 End Bits:   [0x0000020eb48a0000, 0x0000020eb6600000)

Polling page: 0x0000020ea16a0000

CodeCache: size=245760Kb used=7845Kb max_used=7845Kb free=237914Kb
 bounds [0x0000020ea3150000, 0x0000020ea3910000, 0x0000020eb2150000]
 total_blobs=2644 nmethods=2292 adapters=265
 compilation: enabled

Compilation events (10 events):
Event: 3.339 Thread 0x0000020eb747b000 nmethod 2280 0x0000020ea38efb10 code [0x0000020ea38efc40, 0x0000020ea38efd18]
Event: 3.349 Thread 0x0000020eb7484800 2281       3       java.io.File::getCanonicalPath (31 bytes)
Event: 3.349 Thread 0x0000020eb7484800 nmethod 2281 0x0000020ea38ef250 code [0x0000020ea38ef400, 0x0000020ea38ef7a0]
Event: 3.349 Thread 0x0000020eb7484800 2282       3       java.io.WinNTFileSystem::canonicalize (372 bytes)
Event: 3.350 Thread 0x0000020eb747b000 2283       4       java.util.jar.Manifest$FastInputStream::readLine (167 bytes)
Event: 3.356 Thread 0x0000020eb7484800 nmethod 2282 0x0000020ea38efe10 code [0x0000020ea38f0580, 0x0000020ea38f59a0]
Event: 3.357 Thread 0x0000020eb747b000 nmethod 2283 0x0000020ea38ed550 code [0x0000020ea38ed6a0, 0x0000020ea38edae8]
Event: 3.368 Thread 0x0000020eb7484800 2284       3       java.io.ByteArrayOutputStream::<init> (7 bytes)
Event: 3.368 Thread 0x0000020eb7484800 nmethod 2284 0x0000020ea38ed1d0 code [0x0000020ea38ed340, 0x0000020ea38ed4d0]
Event: 3.369 Thread 0x0000020eb7484800 2286   !   3       java.util.jar.Attributes::read (344 bytes)

GC Heap History (6 events):
Event: 0.449 GC heap before
{Heap before GC invocations=1 (full 0):
 PSYoungGen      total 35328K, used 30720K [0x00000000d8d80000, 0x00000000db480000, 0x0000000100000000)
  eden space 30720K, 100% used [0x00000000d8d80000,0x00000000dab80000,0x00000000dab80000)
  from space 4608K, 0% used [0x00000000db000000,0x00000000db000000,0x00000000db480000)
  to   space 4608K, 0% used [0x00000000dab80000,0x00000000dab80000,0x00000000db000000)
 ParOldGen       total 80896K, used 0K [0x000000008a800000, 0x000000008f700000, 0x00000000d8d80000)
  object space 80896K, 0% used [0x000000008a800000,0x000000008a800000,0x000000008f700000)
 Metaspace       used 7522K, capacity 7618K, committed 7680K, reserved 1056768K
  class space    used 942K, capacity 985K, committed 1024K, reserved 1048576K
Event: 0.457 GC heap after
Heap after GC invocations=1 (full 0):
 PSYoungGen      total 35328K, used 4406K [0x00000000d8d80000, 0x00000000db480000, 0x0000000100000000)
  eden space 30720K, 0% used [0x00000000d8d80000,0x00000000d8d80000,0x00000000dab80000)
  from space 4608K, 95% used [0x00000000dab80000,0x00000000dafcd980,0x00000000db000000)
  to   space 4608K, 0% used [0x00000000db000000,0x00000000db000000,0x00000000db480000)
 ParOldGen       total 80896K, used 16K [0x000000008a800000, 0x000000008f700000, 0x00000000d8d80000)
  object space 80896K, 0% used [0x000000008a800000,0x000000008a804000,0x000000008f700000)
 Metaspace       used 7522K, capacity 7618K, committed 7680K, reserved 1056768K
  class space    used 942K, capacity 985K, committed 1024K, reserved 1048576K
}
Event: 1.443 GC heap before
{Heap before GC invocations=2 (full 0):
 PSYoungGen      total 35328K, used 35126K [0x00000000d8d80000, 0x00000000db480000, 0x0000000100000000)
  eden space 30720K, 100% used [0x00000000d8d80000,0x00000000dab80000,0x00000000dab80000)
  from space 4608K, 95% used [0x00000000dab80000,0x00000000dafcd980,0x00000000db000000)
  to   space 4608K, 0% used [0x00000000db000000,0x00000000db000000,0x00000000db480000)
 ParOldGen       total 80896K, used 16K [0x000000008a800000, 0x000000008f700000, 0x00000000d8d80000)
  object space 80896K, 0% used [0x000000008a800000,0x000000008a804000,0x000000008f700000)
 Metaspace       used 12172K, capacity 12396K, committed 12672K, reserved 1060864K
  class space    used 1499K, capacity 1573K, committed 1664K, reserved 1048576K
Event: 1.449 GC heap after
Heap after GC invocations=2 (full 0):
 PSYoungGen      total 35328K, used 4606K [0x00000000d8d80000, 0x00000000dd280000, 0x0000000100000000)
  eden space 30720K, 0% used [0x00000000d8d80000,0x00000000d8d80000,0x00000000dab80000)
  from space 4608K, 99% used [0x00000000db000000,0x00000000db47fbb0,0x00000000db480000)
  to   space 4608K, 0% used [0x00000000dab80000,0x00000000dab80000,0x00000000db000000)
 ParOldGen       total 80896K, used 2248K [0x000000008a800000, 0x000000008f700000, 0x00000000d8d80000)
  object space 80896K, 2% used [0x000000008a800000,0x000000008aa320d0,0x000000008f700000)
 Metaspace       used 12172K, capacity 12396K, committed 12672K, reserved 1060864K
  class space    used 1499K, capacity 1573K, committed 1664K, reserved 1048576K
}
Event: 2.378 GC heap before
{Heap before GC invocations=3 (full 0):
 PSYoungGen      total 35328K, used 35326K [0x00000000d8d80000, 0x00000000dd280000, 0x0000000100000000)
  eden space 30720K, 100% used [0x00000000d8d80000,0x00000000dab80000,0x00000000dab80000)
  from space 4608K, 99% used [0x00000000db000000,0x00000000db47fbb0,0x00000000db480000)
  to   space 4608K, 0% used [0x00000000dab80000,0x00000000dab80000,0x00000000db000000)
 ParOldGen       total 80896K, used 2248K [0x000000008a800000, 0x000000008f700000, 0x00000000d8d80000)
  object space 80896K, 2% used [0x000000008a800000,0x000000008aa320d0,0x000000008f700000)
 Metaspace       used 13158K, capacity 13416K, committed 13696K, reserved 1060864K
  class space    used 1606K, capacity 1651K, committed 1664K, reserved 1048576K
Event: 2.383 GC heap after
Heap after GC invocations=3 (full 0):
 PSYoungGen      total 35328K, used 4592K [0x00000000d8d80000, 0x00000000db480000, 0x0000000100000000)
  eden space 30720K, 0% used [0x00000000d8d80000,0x00000000d8d80000,0x00000000dab80000)
  from space 4608K, 99% used [0x00000000dab80000,0x00000000daffc030,0x00000000db000000)
  to   space 4608K, 0% used [0x00000000db000000,0x00000000db000000,0x00000000db480000)
 ParOldGen       total 80896K, used 3259K [0x000000008a800000, 0x000000008f700000, 0x00000000d8d80000)
  object space 80896K, 4% used [0x000000008a800000,0x000000008ab2eef0,0x000000008f700000)
 Metaspace       used 13158K, capacity 13416K, committed 13696K, reserved 1060864K
  class space    used 1606K, capacity 1651K, committed 1664K, reserved 1048576K
}

Deoptimization events (10 events):
Event: 1.596 Thread 0x0000020ea16e2800 Uncommon trap: reason=class_check action=maybe_recompile pc=0x0000020ea36bc1a8 method=java.util.regex.Matcher.search(I)Z @ 86
Event: 1.598 Thread 0x0000020ea16e2800 Uncommon trap: reason=class_check action=maybe_recompile pc=0x0000020ea36bc1a8 method=java.util.regex.Matcher.search(I)Z @ 86
Event: 1.648 Thread 0x0000020ea16e2800 Uncommon trap: reason=unstable_if action=reinterpret pc=0x0000020ea34d8c30 method=java.util.HashMap.hash(Ljava/lang/Object;)I @ 1
Event: 2.481 Thread 0x0000020ea16e2800 Uncommon trap: reason=unstable_if action=reinterpret pc=0x0000020ea34aaeac method=java.lang.AbstractStringBuilder.append(Ljava/lang/String;)Ljava/lang/AbstractStringBuilder; @ 1
Event: 2.485 Thread 0x0000020ea16e2800 Uncommon trap: reason=unstable_if action=reinterpret pc=0x0000020ea37e4834 method=java.util.Hashtable$Enumerator.nextElement()Ljava/lang/Object; @ 16
Event: 2.485 Thread 0x0000020ea16e2800 Uncommon trap: reason=unstable_if action=reinterpret pc=0x0000020ea37a9f24 method=java.util.Hashtable$Enumerator.nextElement()Ljava/lang/Object; @ 16
Event: 2.489 Thread 0x0000020ea16e2800 Uncommon trap: reason=unstable_if action=reinterpret pc=0x0000020ea35a1760 method=java.lang.AbstractStringBuilder.append(Ljava/lang/String;)Ljava/lang/AbstractStringBuilder; @ 1
Event: 3.095 Thread 0x0000020ea16e2800 Uncommon trap: reason=unstable_if action=reinterpret pc=0x0000020ea3825184 method=java.util.IdentityHashMap.nextKeyIndex(II)I @ 4
Event: 3.182 Thread 0x0000020ea16e2800 Uncommon trap: reason=unstable_if action=reinterpret pc=0x0000020ea37ef7d8 method=java.util.regex.Pattern.has(I)Z @ 6
Event: 3.182 Thread 0x0000020ea16e2800 Uncommon trap: reason=unstable_if action=reinterpret pc=0x0000020ea366d090 method=java.util.regex.Pattern.has(I)Z @ 6

Classes redefined (0 events):
No events

Internal exceptions (10 events):
Event: 1.454 Thread 0x0000020ea16e2800 Implicit null exception at 0x0000020ea343b1af to 0x0000020ea343b219
Event: 1.490 Thread 0x0000020ea16e2800 Implicit null exception at 0x0000020ea35fe234 to 0x0000020ea35fe631
Event: 1.648 Thread 0x0000020ea16e2800 Implicit null exception at 0x0000020ea34d8b98 to 0x0000020ea34d8c26
Event: 1.706 Thread 0x0000020ea16e2800 Exception <a 'java/lang/NoClassDefFoundError': org/slf4j/Logger> (0x00000000da01eeb8) thrown at [C:\jenkins\workspace\8-2-build-windows-x64-cygwin\jdk8u341\2692\hotspot\src\share\vm\oops\constantPool.cpp, line 606]
Event: 2.471 Thread 0x0000020ea16e2800 Exception <a 'java/lang/NoClassDefFoundError': org/slf4j/Logger> (0x00000000d9316ee8) thrown at [C:\jenkins\workspace\8-2-build-windows-x64-cygwin\jdk8u341\2692\hotspot\src\share\vm\oops\constantPool.cpp, line 606]
Event: 2.481 Thread 0x0000020ea16e2800 Implicit null exception at 0x0000020ea34aab16 to 0x0000020ea34aae95
Event: 2.485 Thread 0x0000020ea16e2800 Implicit null exception at 0x0000020ea37e47a0 to 0x0000020ea37e4815
Event: 2.485 Thread 0x0000020ea16e2800 Implicit null exception at 0x0000020ea37a9eb0 to 0x0000020ea37a9f05
Event: 2.489 Thread 0x0000020ea16e2800 Implicit null exception at 0x0000020ea35a11eb to 0x0000020ea35a1745
Event: 3.113 Thread 0x0000020ea16e2800 Exception <a 'java/lang/NoClassDefFoundError': org/slf4j/Logger> (0x00000000d9a1ef98) thrown at [C:\jenkins\workspace\8-2-build-windows-x64-cygwin\jdk8u341\2692\hotspot\src\share\vm\oops\constantPool.cpp, line 606]

Events (10 events):
Event: 3.344 loading class java/util/regex/Pattern$Block
Event: 3.344 loading class java/util/regex/Pattern$Block done
Event: 3.344 loading class java/util/regex/Pattern$GroupCurly
Event: 3.344 loading class java/util/regex/Pattern$GroupCurly done
Event: 3.345 loading class javax/annotation/processing/FilerException
Event: 3.345 loading class javax/annotation/processing/FilerException done
Event: 3.346 loading class javax/lang/model/type/TypeKind
Event: 3.346 loading class javax/lang/model/type/TypeKind done
Event: 3.347 Executing VM operation: Deoptimize
Event: 3.348 Executing VM operation: Deoptimize done


Dynamic libraries:
0x00007ff603540000 - 0x00007ff603587000 	C:\Program Files\Java\bin\java.exe
0x00007ff8fe4d0000 - 0x00007ff8fe6c8000 	C:\Windows\SYSTEM32\ntdll.dll
0x00007ff8fda00000 - 0x00007ff8fdabf000 	C:\Windows\System32\KERNEL32.DLL
0x00007ff8fc1a0000 - 0x00007ff8fc472000 	C:\Windows\System32\KERNELBASE.dll
0x00007ff8fc900000 - 0x00007ff8fc9ae000 	C:\Windows\System32\ADVAPI32.dll
0x00007ff8fd930000 - 0x00007ff8fd9ce000 	C:\Windows\System32\msvcrt.dll
0x00007ff8fdac0000 - 0x00007ff8fdb5c000 	C:\Windows\System32\sechost.dll
0x00007ff8fc9b0000 - 0x00007ff8fcad5000 	C:\Windows\System32\RPCRT4.dll
0x00007ff8fcae0000 - 0x00007ff8fcc7d000 	C:\Windows\System32\USER32.dll
0x00007ff8fbf00000 - 0x00007ff8fbf22000 	C:\Windows\System32\win32u.dll
0x00007ff8fd9d0000 - 0x00007ff8fd9fb000 	C:\Windows\System32\GDI32.dll
0x00007ff8fbdf0000 - 0x00007ff8fbeff000 	C:\Windows\System32\gdi32full.dll
0x00007ff8fc480000 - 0x00007ff8fc51d000 	C:\Windows\System32\msvcp_win.dll
0x00007ff8fbcf0000 - 0x00007ff8fbdf0000 	C:\Windows\System32\ucrtbase.dll
0x00007ff8eab00000 - 0x00007ff8ead9a000 	C:\Windows\WinSxS\amd64_microsoft.windows.common-controls_6595b64144ccf1df_6.0.19041.1110_none_60b5254171f9507e\COMCTL32.dll
0x00007ff8fde50000 - 0x00007ff8fde82000 	C:\Windows\System32\IMM32.DLL
0x00007ff8f61f0000 - 0x00007ff8f6205000 	C:\Program Files\Java\jre\bin\vcruntime140.dll
0x00007ff8e0020000 - 0x00007ff8e00bb000 	C:\Program Files\Java\jre\bin\msvcp140.dll
0x0000000061d10000 - 0x0000000062571000 	C:\Program Files\Java\jre\bin\server\jvm.dll
0x00007ff8fc590000 - 0x00007ff8fc598000 	C:\Windows\System32\PSAPI.DLL
0x00007ff8f3ea0000 - 0x00007ff8f3eaa000 	C:\Windows\SYSTEM32\VERSION.dll
0x00007ff8f64b0000 - 0x00007ff8f64b9000 	C:\Windows\SYSTEM32\WSOCK32.dll
0x00007ff8f12c0000 - 0x00007ff8f12e7000 	C:\Windows\SYSTEM32\WINMM.dll
0x00007ff8fcdc0000 - 0x00007ff8fce2b000 	C:\Windows\System32\WS2_32.dll
0x00007ff8f9c70000 - 0x00007ff8f9c82000 	C:\Windows\SYSTEM32\kernel.appcore.dll
0x00007ff8f64a0000 - 0x00007ff8f64b0000 	C:\Program Files\Java\jre\bin\verify.dll
0x00007ff8f40c0000 - 0x00007ff8f40eb000 	C:\Program Files\Java\jre\bin\java.dll
0x00007ff8f61d0000 - 0x00007ff8f61e8000 	C:\Program Files\Java\jre\bin\zip.dll
0x00007ff8fce30000 - 0x00007ff8fd573000 	C:\Windows\System32\SHELL32.dll
0x00007ff8f9c90000 - 0x00007ff8fa422000 	C:\Windows\SYSTEM32\windows.storage.dll
0x00007ff8fc5a0000 - 0x00007ff8fc8f4000 	C:\Windows\System32\combase.dll
0x00007ff8fb630000 - 0x00007ff8fb660000 	C:\Windows\SYSTEM32\Wldp.dll
0x00007ff8fdd10000 - 0x00007ff8fddbd000 	C:\Windows\System32\SHCORE.dll
0x00007ff8fde90000 - 0x00007ff8fdee5000 	C:\Windows\System32\shlwapi.dll
0x00007ff8fbb10000 - 0x00007ff8fbb2f000 	C:\Windows\SYSTEM32\profapi.dll
0x00007ff8f5ce0000 - 0x00007ff8f5cfc000 	C:\Program Files\Java\jre\bin\net.dll
0x00007ff8fb390000 - 0x00007ff8fb3fa000 	C:\Windows\system32\mswsock.dll
0x00007ff8f5680000 - 0x00007ff8f5693000 	C:\Program Files\Java\jre\bin\nio.dll
0x00007ff8f9900000 - 0x00007ff8f9ae4000 	C:\Windows\SYSTEM32\dbghelp.dll
0x00007ff8fc0c0000 - 0x00007ff8fc142000 	C:\Windows\System32\bcryptPrimitives.dll

VM Arguments:
jvm_args: -Dclassworlds.conf=C:\Program Files\NetBeans 8.2\java\maven\bin\m2.conf -Dmaven.home=C:\Program Files\NetBeans 8.2\java\maven 
java_command: org.codehaus.plexus.classworlds.launcher.Launcher -Dmaven.ext.class.path=C:\Program Files\NetBeans 8.2\java\maven-nblib\netbeans-eventspy.jar -Dfile.encoding=UTF-8 --debug --errors --debug --errors clean install
java_class_path (initial): C:\Program Files\NetBeans 8.2\java\maven\boot\plexus-classworlds-2.4.jar
Launcher Type: SUN_STANDARD

Environment Variables:
JAVA_HOME=C:\Program Files\Java
PATH=C:\Program Files\Common Files\Oracle\Java\javapath;C:\Program Files (x86)\Common Files\Oracle\Java\javapath;C:\Windows\system32;C:\Windows;C:\Windows\System32\Wbem;C:\Windows\System32\WindowsPowerShell\v1.0\;C:\Windows\System32\OpenSSH\;C:\Windows\system32;C:\Windows;C:\Windows\System32\Wbem;C:\Windows\System32\WindowsPowerShell\v1.0\;C:\Windows\System32\OpenSSH\;C:\Program Files\Microsoft SQL Server\Client SDK\ODBC\170\Tools\Binn\;C:\Program Files (x86)\Microsoft SQL Server\150\Tools\Binn\;C:\Program Files\Microsoft SQL Server\150\Tools\Binn\;C:\Program Files\Microsoft SQL Server\150\DTS\Binn\;C:\Program Files (x86)\Microsoft SQL Server\150\DTS\Binn\;C:\Program Files (x86)\NVIDIA Corporation\PhysX\Common;C:\apache-maven-3.8.6\bin;C:\Program Files\Java\jdk-17.0.1\bin;C:\Program Files\NVIDIA Corporation\NVIDIA NvDLISR;D:\Git\cmd;C:\Users\longv\AppData\Local\Programs\Python\Python310\Scripts\;C:\Users\longv\AppData\Local\Programs\Python\Python310\;C:\Users\longv\AppData\Local\Microsoft\WindowsApps;;C:\Program Files\Azure Data Studio\bin;D:\Microsoft VS Code\bin;C:\Program Files\Azure Data Studio\bin
USERNAME=longv
OS=Windows_NT
PROCESSOR_IDENTIFIER=AMD64 Family 23 Model 104 Stepping 1, AuthenticAMD



---------------  S Y S T E M  ---------------

OS: Windows 10 , 64 bit Build 19041 (10.0.19041.2251)

CPU:total 12 (initial active 12) (12 cores per cpu, 1 threads per core) family 23 model 104 stepping 1, cmov, cx8, fxsr, mmx, sse, sse2, sse3, ssse3, sse4.1, sse4.2, popcnt, avx, avx2, aes, clmul, mmxext, 3dnowpref, lzcnt, sse4a, tsc, tscinvbit, tscinv, bmi1

Memory: 4k page, physical 7694920k(539340k free), swap 20719428k(5420k free)

vm_info: Java HotSpot(TM) 64-Bit Server VM (25.341-b10) for windows-amd64 JRE (1.8.0_341-b10), built on Jun 16 2022 15:51:07 by "java_re" with MS VC++ 15.9 (VS2017)

time: Sun Nov 20 20:44:26 2022
timezone: SE Asia Standard Time
elapsed time: 3.390935 seconds (0d 0h 0m 3s)

